WARNING: log4j.properties is not found. HADOOP_CONF_DIR may be incomplete.
2025-10-28 03:56:15,698 INFO  [main] client.DefaultNoHARMFailoverProxyProvider (DefaultNoHARMFailoverProxyProvider.java:init(64)) - Connecting to ResourceManager at master/172.18.0.4:8032
2025-10-28 03:56:17,080 WARN  [main] mapreduce.JobResourceUploader (JobResourceUploader.java:uploadResourcesInternal(149)) - Hadoop command-line option parsing not performed. Implement the Tool interface and execute your application with ToolRunner to remedy this.
2025-10-28 03:56:17,095 INFO  [main] mapreduce.JobResourceUploader (JobResourceUploader.java:disableErasureCodingForPath(907)) - Disabling Erasure Coding for path: /tmp/hadoop-yarn/staging/root/.staging/job_1761621654418_0001
2025-10-28 03:56:18,489 INFO  [main] input.FileInputFormat (FileInputFormat.java:listStatus(300)) - Total input files to process : 1
2025-10-28 03:56:18,710 INFO  [main] mapreduce.JobSubmitter (JobSubmitter.java:submitJobInternal(202)) - number of splits:1
2025-10-28 03:56:19,203 INFO  [main] mapreduce.JobSubmitter (JobSubmitter.java:printTokens(298)) - Submitting tokens for job: job_1761621654418_0001
2025-10-28 03:56:19,203 INFO  [main] mapreduce.JobSubmitter (JobSubmitter.java:printTokens(299)) - Executing with tokens: []
2025-10-28 03:56:19,500 INFO  [main] conf.Configuration (Configuration.java:getConfResourceAsInputStream(2854)) - resource-types.xml not found
2025-10-28 03:56:19,501 INFO  [main] resource.ResourceUtils (ResourceUtils.java:addResourcesFileToConf(476)) - Unable to find 'resource-types.xml'.
2025-10-28 03:56:20,902 INFO  [main] impl.YarnClientImpl (YarnClientImpl.java:submitApplication(338)) - Submitted application application_1761621654418_0001
2025-10-28 03:56:20,987 INFO  [main] mapreduce.Job (Job.java:submit(1682)) - The url to track the job: http://master:8088/proxy/application_1761621654418_0001/
2025-10-28 03:56:20,987 INFO  [main] mapreduce.Job (Job.java:monitorAndPrintJob(1727)) - Running job: job_1761621654418_0001
2025-10-28 03:56:36,646 INFO  [main] mapreduce.Job (Job.java:monitorAndPrintJob(1748)) - Job job_1761621654418_0001 running in uber mode : false
2025-10-28 03:56:36,647 INFO  [main] mapreduce.Job (Job.java:monitorAndPrintJob(1755)) -  map 0% reduce 0%
2025-10-28 03:56:47,747 INFO  [main] mapreduce.Job (Job.java:monitorAndPrintJob(1755)) -  map 100% reduce 0%
2025-10-28 03:56:55,795 INFO  [main] mapreduce.Job (Job.java:monitorAndPrintJob(1755)) -  map 100% reduce 100%
2025-10-28 03:56:55,807 INFO  [main] mapreduce.Job (Job.java:monitorAndPrintJob(1766)) - Job job_1761621654418_0001 completed successfully
2025-10-28 03:56:55,877 INFO  [main] mapreduce.Job (Job.java:monitorAndPrintJob(1773)) - Counters: 54
	File System Counters
		FILE: Number of bytes read=909
		FILE: Number of bytes written=556697
		FILE: Number of read operations=0
		FILE: Number of large read operations=0
		FILE: Number of write operations=0
		HDFS: Number of bytes read=584
		HDFS: Number of bytes written=730
		HDFS: Number of read operations=8
		HDFS: Number of large read operations=0
		HDFS: Number of write operations=2
		HDFS: Number of bytes read erasure-coded=0
	Job Counters 
		Launched map tasks=1
		Launched reduce tasks=1
		Data-local map tasks=1
		Total time spent by all maps in occupied slots (ms)=15444
		Total time spent by all reduces in occupied slots (ms)=9694
		Total time spent by all map tasks (ms)=7722
		Total time spent by all reduce tasks (ms)=4847
		Total vcore-milliseconds taken by all map tasks=7722
		Total vcore-milliseconds taken by all reduce tasks=4847
		Total megabyte-milliseconds taken by all map tasks=3953664
		Total megabyte-milliseconds taken by all reduce tasks=2481664
	Map-Reduce Framework
		Map input records=21
		Map output records=21
		Map output bytes=861
		Map output materialized bytes=909
		Input split bytes=104
		Combine input records=0
		Combine output records=0
		Reduce input groups=21
		Reduce shuffle bytes=909
		Reduce input records=21
		Reduce output records=10
		Spilled Records=42
		Shuffled Maps =1
		Failed Shuffles=0
		Merged Map outputs=1
		GC time elapsed (ms)=100
		CPU time spent (ms)=860
		Physical memory (bytes) snapshot=384000000
		Virtual memory (bytes) snapshot=4412526592
		Total committed heap usage (bytes)=195215360
		Peak Map Physical memory (bytes)=239042560
		Peak Map Virtual memory (bytes)=2200834048
		Peak Reduce Physical memory (bytes)=144957440
		Peak Reduce Virtual memory (bytes)=2211692544
	Shuffle Errors
		BAD_ID=0
		CONNECTION=0
		IO_ERROR=0
		WRONG_LENGTH=0
		WRONG_MAP=0
		WRONG_REDUCE=0
	File Input Format Counters 
		Bytes Read=480
	File Output Format Counters 
		Bytes Written=730
